<?xml version="1.0" encoding="UTF-8"?>
<testsuite xmlns:xsi="http://www.w3.org/2001/XMLSchema-instance" xsi:noNamespaceSchemaLocation="https://maven.apache.org/surefire/maven-surefire-plugin/xsd/surefire-test-report.xsd" name="com.xhtech.hermes.core.schedule.TaskQueueSchedulerTest" time="0.127" tests="1" errors="0" skipped="0" failures="0">
  <properties>
    <property name="sun.desktop" value="gnome"/>
    <property name="awt.toolkit" value="sun.awt.X11.XToolkit"/>
    <property name="file.encoding.pkg" value="sun.io"/>
    <property name="java.specification.version" value="1.8"/>
    <property name="sun.cpu.isalist" value=""/>
    <property name="sun.jnu.encoding" value="UTF-8"/>
    <property name="java.class.path" value="/root/Documents/java-work/hermes/hermes-core/target/test-classes:/root/Documents/java-work/hermes/hermes-core/target/classes:/root/Documents/java-work/hermes/hermes-commons/target/hermes-commons-0.0.1-SNAPSHOT.jar:/root/.m2/repository/commons-lang/commons-lang/2.1/commons-lang-2.1.jar:/root/.m2/repository/com/alibaba/fastjson/1.2.9/fastjson-1.2.9.jar:/root/.m2/repository/junit/junit/4.12/junit-4.12.jar:/root/.m2/repository/org/springframework/boot/spring-boot-starter/2.0.1.RELEASE/spring-boot-starter-2.0.1.RELEASE.jar:/root/.m2/repository/org/springframework/boot/spring-boot/2.0.1.RELEASE/spring-boot-2.0.1.RELEASE.jar:/root/.m2/repository/org/springframework/spring-context/5.0.5.RELEASE/spring-context-5.0.5.RELEASE.jar:/root/.m2/repository/org/springframework/spring-aop/5.0.5.RELEASE/spring-aop-5.0.5.RELEASE.jar:/root/.m2/repository/org/springframework/spring-beans/5.0.5.RELEASE/spring-beans-5.0.5.RELEASE.jar:/root/.m2/repository/org/springframework/spring-expression/5.0.5.RELEASE/spring-expression-5.0.5.RELEASE.jar:/root/.m2/repository/org/springframework/boot/spring-boot-autoconfigure/2.0.1.RELEASE/spring-boot-autoconfigure-2.0.1.RELEASE.jar:/root/.m2/repository/org/springframework/boot/spring-boot-starter-logging/2.0.1.RELEASE/spring-boot-starter-logging-2.0.1.RELEASE.jar:/root/.m2/repository/ch/qos/logback/logback-classic/1.2.3/logback-classic-1.2.3.jar:/root/.m2/repository/ch/qos/logback/logback-core/1.2.3/logback-core-1.2.3.jar:/root/.m2/repository/org/apache/logging/log4j/log4j-to-slf4j/2.10.0/log4j-to-slf4j-2.10.0.jar:/root/.m2/repository/org/apache/logging/log4j/log4j-api/2.10.0/log4j-api-2.10.0.jar:/root/.m2/repository/org/slf4j/jul-to-slf4j/1.7.25/jul-to-slf4j-1.7.25.jar:/root/.m2/repository/javax/annotation/javax.annotation-api/1.3.2/javax.annotation-api-1.3.2.jar:/root/.m2/repository/org/springframework/spring-core/5.0.5.RELEASE/spring-core-5.0.5.RELEASE.jar:/root/.m2/repository/org/springframework/spring-jcl/5.0.5.RELEASE/spring-jcl-5.0.5.RELEASE.jar:/root/.m2/repository/org/yaml/snakeyaml/1.19/snakeyaml-1.19.jar:/root/.m2/repository/org/springframework/boot/spring-boot-starter-test/2.0.1.RELEASE/spring-boot-starter-test-2.0.1.RELEASE.jar:/root/.m2/repository/org/springframework/boot/spring-boot-test/2.0.1.RELEASE/spring-boot-test-2.0.1.RELEASE.jar:/root/.m2/repository/org/springframework/boot/spring-boot-test-autoconfigure/2.0.1.RELEASE/spring-boot-test-autoconfigure-2.0.1.RELEASE.jar:/root/.m2/repository/com/jayway/jsonpath/json-path/2.4.0/json-path-2.4.0.jar:/root/.m2/repository/net/minidev/json-smart/2.3/json-smart-2.3.jar:/root/.m2/repository/net/minidev/accessors-smart/1.2/accessors-smart-1.2.jar:/root/.m2/repository/org/ow2/asm/asm/5.0.4/asm-5.0.4.jar:/root/.m2/repository/org/slf4j/slf4j-api/1.7.25/slf4j-api-1.7.25.jar:/root/.m2/repository/org/assertj/assertj-core/3.9.1/assertj-core-3.9.1.jar:/root/.m2/repository/org/mockito/mockito-core/2.15.0/mockito-core-2.15.0.jar:/root/.m2/repository/net/bytebuddy/byte-buddy/1.7.11/byte-buddy-1.7.11.jar:/root/.m2/repository/net/bytebuddy/byte-buddy-agent/1.7.11/byte-buddy-agent-1.7.11.jar:/root/.m2/repository/org/objenesis/objenesis/2.6/objenesis-2.6.jar:/root/.m2/repository/org/hamcrest/hamcrest-core/1.3/hamcrest-core-1.3.jar:/root/.m2/repository/org/hamcrest/hamcrest-library/1.3/hamcrest-library-1.3.jar:/root/.m2/repository/org/skyscreamer/jsonassert/1.5.0/jsonassert-1.5.0.jar:/root/.m2/repository/com/vaadin/external/google/android-json/0.0.20131108.vaadin1/android-json-0.0.20131108.vaadin1.jar:/root/.m2/repository/org/springframework/spring-test/5.0.5.RELEASE/spring-test-5.0.5.RELEASE.jar:/root/.m2/repository/org/xmlunit/xmlunit-core/2.5.1/xmlunit-core-2.5.1.jar:/root/.m2/repository/com/xhtech/arch/xh-utils/0.0.1-SNAPSHOT/xh-utils-0.0.1-SNAPSHOT.jar:/root/.m2/repository/com/fasterxml/jackson/core/jackson-core/2.9.5/jackson-core-2.9.5.jar:/root/.m2/repository/com/fasterxml/jackson/core/jackson-databind/2.9.5/jackson-databind-2.9.5.jar:/root/.m2/repository/com/fasterxml/jackson/core/jackson-annotations/2.9.0/jackson-annotations-2.9.0.jar:/root/.m2/repository/io/netty/netty-all/4.1.23.Final/netty-all-4.1.23.Final.jar:/root/.m2/repository/org/apache/httpcomponents/httpclient/4.4.1/httpclient-4.4.1.jar:/root/.m2/repository/org/apache/httpcomponents/httpcore/4.4.9/httpcore-4.4.9.jar:/root/.m2/repository/commons-codec/commons-codec/1.11/commons-codec-1.11.jar:/root/.m2/repository/com/github/stephenc/high-scale-lib/high-scale-lib/1.1.2/high-scale-lib-1.1.2.jar:/root/.m2/repository/com/google/guava/guava/21.0/guava-21.0.jar:/root/.m2/repository/org/apache/maven/maven-core/3.6.3/maven-core-3.6.3.jar:/root/.m2/repository/org/apache/maven/maven-settings/3.6.3/maven-settings-3.6.3.jar:/root/.m2/repository/org/apache/maven/maven-settings-builder/3.6.3/maven-settings-builder-3.6.3.jar:/root/.m2/repository/org/codehaus/plexus/plexus-interpolation/1.25/plexus-interpolation-1.25.jar:/root/.m2/repository/org/sonatype/plexus/plexus-sec-dispatcher/1.4/plexus-sec-dispatcher-1.4.jar:/root/.m2/repository/org/sonatype/plexus/plexus-cipher/1.4/plexus-cipher-1.4.jar:/root/.m2/repository/org/apache/maven/maven-builder-support/3.6.3/maven-builder-support-3.6.3.jar:/root/.m2/repository/org/apache/maven/maven-repository-metadata/3.6.3/maven-repository-metadata-3.6.3.jar:/root/.m2/repository/org/apache/maven/maven-artifact/3.6.3/maven-artifact-3.6.3.jar:/root/.m2/repository/org/apache/maven/maven-plugin-api/3.6.3/maven-plugin-api-3.6.3.jar:/root/.m2/repository/org/apache/maven/maven-model-builder/3.6.3/maven-model-builder-3.6.3.jar:/root/.m2/repository/org/apache/maven/maven-resolver-provider/3.6.3/maven-resolver-provider-3.6.3.jar:/root/.m2/repository/org/apache/maven/resolver/maven-resolver-impl/1.4.1/maven-resolver-impl-1.4.1.jar:/root/.m2/repository/org/apache/maven/resolver/maven-resolver-api/1.4.1/maven-resolver-api-1.4.1.jar:/root/.m2/repository/org/apache/maven/resolver/maven-resolver-spi/1.4.1/maven-resolver-spi-1.4.1.jar:/root/.m2/repository/org/apache/maven/resolver/maven-resolver-util/1.4.1/maven-resolver-util-1.4.1.jar:/root/.m2/repository/org/apache/maven/shared/maven-shared-utils/3.2.1/maven-shared-utils-3.2.1.jar:/root/.m2/repository/commons-io/commons-io/2.5/commons-io-2.5.jar:/root/.m2/repository/org/eclipse/sisu/org.eclipse.sisu.plexus/0.3.4/org.eclipse.sisu.plexus-0.3.4.jar:/root/.m2/repository/javax/enterprise/cdi-api/1.0/cdi-api-1.0.jar:/root/.m2/repository/javax/annotation/jsr250-api/1.0/jsr250-api-1.0.jar:/root/.m2/repository/org/eclipse/sisu/org.eclipse.sisu.inject/0.3.4/org.eclipse.sisu.inject-0.3.4.jar:/root/.m2/repository/com/google/inject/guice/4.2.1/guice-4.2.1-no_aop.jar:/root/.m2/repository/aopalliance/aopalliance/1.0/aopalliance-1.0.jar:/root/.m2/repository/javax/inject/javax.inject/1/javax.inject-1.jar:/root/.m2/repository/org/codehaus/plexus/plexus-utils/3.2.1/plexus-utils-3.2.1.jar:/root/.m2/repository/org/codehaus/plexus/plexus-classworlds/2.6.0/plexus-classworlds-2.6.0.jar:/root/.m2/repository/org/codehaus/plexus/plexus-component-annotations/2.1.0/plexus-component-annotations-2.1.0.jar:/root/.m2/repository/org/apache/commons/commons-lang3/3.7/commons-lang3-3.7.jar:/root/.m2/repository/org/apache/maven/maven-model/3.6.3/maven-model-3.6.3.jar:/root/.m2/repository/org/projectlombok/lombok/1.16.20/lombok-1.16.20.jar:"/>
    <property name="java.vm.vendor" value="Oracle Corporation"/>
    <property name="sun.arch.data.model" value="64"/>
    <property name="java.vendor.url" value="http://java.oracle.com/"/>
    <property name="user.timezone" value=""/>
    <property name="java.vm.specification.version" value="1.8"/>
    <property name="os.name" value="Linux"/>
    <property name="user.country" value="US"/>
    <property name="sun.java.launcher" value="SUN_STANDARD"/>
    <property name="sun.boot.library.path" value="/root/Install/jdk1.8.0_144/jre/lib/amd64"/>
    <property name="sun.java.command" value="/root/Documents/java-work/hermes/hermes-core/target/surefire/surefirebooter4855741350854662903.jar /root/Documents/java-work/hermes/hermes-core/target/surefire 2021-01-12T17-49-17_710-jvmRun1 surefire8246797381656596568tmp surefire_14823763375815509477tmp"/>
    <property name="surefire.test.class.path" value="/root/Documents/java-work/hermes/hermes-core/target/test-classes:/root/Documents/java-work/hermes/hermes-core/target/classes:/root/Documents/java-work/hermes/hermes-commons/target/hermes-commons-0.0.1-SNAPSHOT.jar:/root/.m2/repository/commons-lang/commons-lang/2.1/commons-lang-2.1.jar:/root/.m2/repository/com/alibaba/fastjson/1.2.9/fastjson-1.2.9.jar:/root/.m2/repository/junit/junit/4.12/junit-4.12.jar:/root/.m2/repository/org/springframework/boot/spring-boot-starter/2.0.1.RELEASE/spring-boot-starter-2.0.1.RELEASE.jar:/root/.m2/repository/org/springframework/boot/spring-boot/2.0.1.RELEASE/spring-boot-2.0.1.RELEASE.jar:/root/.m2/repository/org/springframework/spring-context/5.0.5.RELEASE/spring-context-5.0.5.RELEASE.jar:/root/.m2/repository/org/springframework/spring-aop/5.0.5.RELEASE/spring-aop-5.0.5.RELEASE.jar:/root/.m2/repository/org/springframework/spring-beans/5.0.5.RELEASE/spring-beans-5.0.5.RELEASE.jar:/root/.m2/repository/org/springframework/spring-expression/5.0.5.RELEASE/spring-expression-5.0.5.RELEASE.jar:/root/.m2/repository/org/springframework/boot/spring-boot-autoconfigure/2.0.1.RELEASE/spring-boot-autoconfigure-2.0.1.RELEASE.jar:/root/.m2/repository/org/springframework/boot/spring-boot-starter-logging/2.0.1.RELEASE/spring-boot-starter-logging-2.0.1.RELEASE.jar:/root/.m2/repository/ch/qos/logback/logback-classic/1.2.3/logback-classic-1.2.3.jar:/root/.m2/repository/ch/qos/logback/logback-core/1.2.3/logback-core-1.2.3.jar:/root/.m2/repository/org/apache/logging/log4j/log4j-to-slf4j/2.10.0/log4j-to-slf4j-2.10.0.jar:/root/.m2/repository/org/apache/logging/log4j/log4j-api/2.10.0/log4j-api-2.10.0.jar:/root/.m2/repository/org/slf4j/jul-to-slf4j/1.7.25/jul-to-slf4j-1.7.25.jar:/root/.m2/repository/javax/annotation/javax.annotation-api/1.3.2/javax.annotation-api-1.3.2.jar:/root/.m2/repository/org/springframework/spring-core/5.0.5.RELEASE/spring-core-5.0.5.RELEASE.jar:/root/.m2/repository/org/springframework/spring-jcl/5.0.5.RELEASE/spring-jcl-5.0.5.RELEASE.jar:/root/.m2/repository/org/yaml/snakeyaml/1.19/snakeyaml-1.19.jar:/root/.m2/repository/org/springframework/boot/spring-boot-starter-test/2.0.1.RELEASE/spring-boot-starter-test-2.0.1.RELEASE.jar:/root/.m2/repository/org/springframework/boot/spring-boot-test/2.0.1.RELEASE/spring-boot-test-2.0.1.RELEASE.jar:/root/.m2/repository/org/springframework/boot/spring-boot-test-autoconfigure/2.0.1.RELEASE/spring-boot-test-autoconfigure-2.0.1.RELEASE.jar:/root/.m2/repository/com/jayway/jsonpath/json-path/2.4.0/json-path-2.4.0.jar:/root/.m2/repository/net/minidev/json-smart/2.3/json-smart-2.3.jar:/root/.m2/repository/net/minidev/accessors-smart/1.2/accessors-smart-1.2.jar:/root/.m2/repository/org/ow2/asm/asm/5.0.4/asm-5.0.4.jar:/root/.m2/repository/org/slf4j/slf4j-api/1.7.25/slf4j-api-1.7.25.jar:/root/.m2/repository/org/assertj/assertj-core/3.9.1/assertj-core-3.9.1.jar:/root/.m2/repository/org/mockito/mockito-core/2.15.0/mockito-core-2.15.0.jar:/root/.m2/repository/net/bytebuddy/byte-buddy/1.7.11/byte-buddy-1.7.11.jar:/root/.m2/repository/net/bytebuddy/byte-buddy-agent/1.7.11/byte-buddy-agent-1.7.11.jar:/root/.m2/repository/org/objenesis/objenesis/2.6/objenesis-2.6.jar:/root/.m2/repository/org/hamcrest/hamcrest-core/1.3/hamcrest-core-1.3.jar:/root/.m2/repository/org/hamcrest/hamcrest-library/1.3/hamcrest-library-1.3.jar:/root/.m2/repository/org/skyscreamer/jsonassert/1.5.0/jsonassert-1.5.0.jar:/root/.m2/repository/com/vaadin/external/google/android-json/0.0.20131108.vaadin1/android-json-0.0.20131108.vaadin1.jar:/root/.m2/repository/org/springframework/spring-test/5.0.5.RELEASE/spring-test-5.0.5.RELEASE.jar:/root/.m2/repository/org/xmlunit/xmlunit-core/2.5.1/xmlunit-core-2.5.1.jar:/root/.m2/repository/com/xhtech/arch/xh-utils/0.0.1-SNAPSHOT/xh-utils-0.0.1-SNAPSHOT.jar:/root/.m2/repository/com/fasterxml/jackson/core/jackson-core/2.9.5/jackson-core-2.9.5.jar:/root/.m2/repository/com/fasterxml/jackson/core/jackson-databind/2.9.5/jackson-databind-2.9.5.jar:/root/.m2/repository/com/fasterxml/jackson/core/jackson-annotations/2.9.0/jackson-annotations-2.9.0.jar:/root/.m2/repository/io/netty/netty-all/4.1.23.Final/netty-all-4.1.23.Final.jar:/root/.m2/repository/org/apache/httpcomponents/httpclient/4.4.1/httpclient-4.4.1.jar:/root/.m2/repository/org/apache/httpcomponents/httpcore/4.4.9/httpcore-4.4.9.jar:/root/.m2/repository/commons-codec/commons-codec/1.11/commons-codec-1.11.jar:/root/.m2/repository/com/github/stephenc/high-scale-lib/high-scale-lib/1.1.2/high-scale-lib-1.1.2.jar:/root/.m2/repository/com/google/guava/guava/21.0/guava-21.0.jar:/root/.m2/repository/org/apache/maven/maven-core/3.6.3/maven-core-3.6.3.jar:/root/.m2/repository/org/apache/maven/maven-settings/3.6.3/maven-settings-3.6.3.jar:/root/.m2/repository/org/apache/maven/maven-settings-builder/3.6.3/maven-settings-builder-3.6.3.jar:/root/.m2/repository/org/codehaus/plexus/plexus-interpolation/1.25/plexus-interpolation-1.25.jar:/root/.m2/repository/org/sonatype/plexus/plexus-sec-dispatcher/1.4/plexus-sec-dispatcher-1.4.jar:/root/.m2/repository/org/sonatype/plexus/plexus-cipher/1.4/plexus-cipher-1.4.jar:/root/.m2/repository/org/apache/maven/maven-builder-support/3.6.3/maven-builder-support-3.6.3.jar:/root/.m2/repository/org/apache/maven/maven-repository-metadata/3.6.3/maven-repository-metadata-3.6.3.jar:/root/.m2/repository/org/apache/maven/maven-artifact/3.6.3/maven-artifact-3.6.3.jar:/root/.m2/repository/org/apache/maven/maven-plugin-api/3.6.3/maven-plugin-api-3.6.3.jar:/root/.m2/repository/org/apache/maven/maven-model-builder/3.6.3/maven-model-builder-3.6.3.jar:/root/.m2/repository/org/apache/maven/maven-resolver-provider/3.6.3/maven-resolver-provider-3.6.3.jar:/root/.m2/repository/org/apache/maven/resolver/maven-resolver-impl/1.4.1/maven-resolver-impl-1.4.1.jar:/root/.m2/repository/org/apache/maven/resolver/maven-resolver-api/1.4.1/maven-resolver-api-1.4.1.jar:/root/.m2/repository/org/apache/maven/resolver/maven-resolver-spi/1.4.1/maven-resolver-spi-1.4.1.jar:/root/.m2/repository/org/apache/maven/resolver/maven-resolver-util/1.4.1/maven-resolver-util-1.4.1.jar:/root/.m2/repository/org/apache/maven/shared/maven-shared-utils/3.2.1/maven-shared-utils-3.2.1.jar:/root/.m2/repository/commons-io/commons-io/2.5/commons-io-2.5.jar:/root/.m2/repository/org/eclipse/sisu/org.eclipse.sisu.plexus/0.3.4/org.eclipse.sisu.plexus-0.3.4.jar:/root/.m2/repository/javax/enterprise/cdi-api/1.0/cdi-api-1.0.jar:/root/.m2/repository/javax/annotation/jsr250-api/1.0/jsr250-api-1.0.jar:/root/.m2/repository/org/eclipse/sisu/org.eclipse.sisu.inject/0.3.4/org.eclipse.sisu.inject-0.3.4.jar:/root/.m2/repository/com/google/inject/guice/4.2.1/guice-4.2.1-no_aop.jar:/root/.m2/repository/aopalliance/aopalliance/1.0/aopalliance-1.0.jar:/root/.m2/repository/javax/inject/javax.inject/1/javax.inject-1.jar:/root/.m2/repository/org/codehaus/plexus/plexus-utils/3.2.1/plexus-utils-3.2.1.jar:/root/.m2/repository/org/codehaus/plexus/plexus-classworlds/2.6.0/plexus-classworlds-2.6.0.jar:/root/.m2/repository/org/codehaus/plexus/plexus-component-annotations/2.1.0/plexus-component-annotations-2.1.0.jar:/root/.m2/repository/org/apache/commons/commons-lang3/3.7/commons-lang3-3.7.jar:/root/.m2/repository/org/apache/maven/maven-model/3.6.3/maven-model-3.6.3.jar:/root/.m2/repository/org/projectlombok/lombok/1.16.20/lombok-1.16.20.jar:"/>
    <property name="sun.cpu.endian" value="little"/>
    <property name="user.home" value="/root"/>
    <property name="user.language" value="en"/>
    <property name="java.specification.vendor" value="Oracle Corporation"/>
    <property name="java.home" value="/root/Install/jdk1.8.0_144/jre"/>
    <property name="basedir" value="/root/Documents/java-work/hermes/hermes-core"/>
    <property name="file.separator" value="/"/>
    <property name="line.separator" value="&#10;"/>
    <property name="java.vm.specification.vendor" value="Oracle Corporation"/>
    <property name="java.specification.name" value="Java Platform API Specification"/>
    <property name="java.awt.graphicsenv" value="sun.awt.X11GraphicsEnvironment"/>
    <property name="surefire.real.class.path" value="/root/Documents/java-work/hermes/hermes-core/target/surefire/surefirebooter4855741350854662903.jar"/>
    <property name="sun.boot.class.path" value="/root/Install/jdk1.8.0_144/jre/lib/resources.jar:/root/Install/jdk1.8.0_144/jre/lib/rt.jar:/root/Install/jdk1.8.0_144/jre/lib/sunrsasign.jar:/root/Install/jdk1.8.0_144/jre/lib/jsse.jar:/root/Install/jdk1.8.0_144/jre/lib/jce.jar:/root/Install/jdk1.8.0_144/jre/lib/charsets.jar:/root/Install/jdk1.8.0_144/jre/lib/jfr.jar:/root/Install/jdk1.8.0_144/jre/classes"/>
    <property name="sun.management.compiler" value="HotSpot 64-Bit Tiered Compilers"/>
    <property name="java.runtime.version" value="1.8.0_144-b01"/>
    <property name="user.name" value="root"/>
    <property name="path.separator" value=":"/>
    <property name="os.version" value="5.4.0-58-generic"/>
    <property name="java.endorsed.dirs" value="/root/Install/jdk1.8.0_144/jre/lib/endorsed"/>
    <property name="java.runtime.name" value="Java(TM) SE Runtime Environment"/>
    <property name="file.encoding" value="UTF-8"/>
    <property name="java.vm.name" value="Java HotSpot(TM) 64-Bit Server VM"/>
    <property name="localRepository" value="/root/.m2/repository"/>
    <property name="java.vendor.url.bug" value="http://bugreport.sun.com/bugreport/"/>
    <property name="java.io.tmpdir" value="/tmp"/>
    <property name="idea.version" value="2017.2.5"/>
    <property name="java.version" value="1.8.0_144"/>
    <property name="user.dir" value="/root/Documents/java-work/hermes/hermes-core"/>
    <property name="os.arch" value="amd64"/>
    <property name="java.vm.specification.name" value="Java Virtual Machine Specification"/>
    <property name="java.awt.printerjob" value="sun.print.PSPrinterJob"/>
    <property name="sun.os.patch.level" value="unknown"/>
    <property name="java.library.path" value="/root/Install/idea-IU-172.4343.14/bin::/usr/java/packages/lib/amd64:/usr/lib64:/lib64:/lib:/usr/lib"/>
    <property name="java.vm.info" value="mixed mode"/>
    <property name="java.vendor" value="Oracle Corporation"/>
    <property name="java.vm.version" value="25.144-b01"/>
    <property name="java.ext.dirs" value="/root/Install/jdk1.8.0_144/jre/lib/ext:/usr/java/packages/lib/ext"/>
    <property name="sun.io.unicode.encoding" value="UnicodeLittle"/>
    <property name="java.class.version" value="52.0"/>
  </properties>
  <testcase name="test" classname="com.xhtech.hermes.core.schedule.TaskQueueSchedulerTest" time="0.043"/>
</testsuite>